<?xml version="1.0" encoding="UTF-8"?>
<!-- Generated by org.testng.reporters.JUnitXMLReporter -->
<testsuite hostname="DESKTOP-3189U34" ignored="0" name="Default test" tests="3" failures="0" timestamp="2021-01-21T17:16:20 IST" time="50.073" errors="0">
  <testcase name="test1" time="27.052" classname="util.ExcelDataProvider"/>
  <testcase name="test1" time="3.718" classname="util.ExcelDataProvider"/>
  <testcase name="test1" time="3.211" classname="util.ExcelDataProvider"/>
</testsuite> <!-- Default test -->
