<?xml version="1.0" encoding="UTF-8"?>
<testng-results skipped="0" failed="0" ignored="0" total="3" passed="3">
  <reporter-output>
  </reporter-output>
  <suite name="Default suite" duration-ms="50073" started-at="2021-01-21T17:15:30 IST" finished-at="2021-01-21T17:16:20 IST">
    <groups>
    </groups>
    <test name="Default test" duration-ms="50073" started-at="2021-01-21T17:15:30 IST" finished-at="2021-01-21T17:16:20 IST">
      <class name="util.ExcelDataProvider">
        <test-method status="PASS" signature="steup()[pri:0, instance:util.ExcelDataProvider@77ec78b9]" name="steup" is-config="true" duration-ms="232" started-at="2021-01-21T17:15:30 IST" finished-at="2021-01-21T17:15:30 IST">
          <reporter-output>
          </reporter-output>
        </test-method> <!-- steup -->
        <test-method status="PASS" signature="setUPTest()[pri:0, instance:util.ExcelDataProvider@77ec78b9]" name="setUPTest" is-config="true" duration-ms="13382" started-at="2021-01-21T17:15:30 IST" finished-at="2021-01-21T17:15:43 IST">
          <reporter-output>
          </reporter-output>
        </test-method> <!-- setUPTest -->
        <test-method status="PASS" signature="test1(java.lang.String, java.lang.String)[pri:0, instance:util.ExcelDataProvider@77ec78b9]" name="test1" duration-ms="27052" started-at="2021-01-21T17:15:46 IST" data-provider="test1data" finished-at="2021-01-21T17:16:13 IST">
          <params>
            <param index="0">
              <value>
                <![CDATA[Admin]]>
              </value>
            </param>
            <param index="1">
              <value>
                <![CDATA[admin123]]>
              </value>
            </param>
          </params>
          <reporter-output>
          </reporter-output>
        </test-method> <!-- test1 -->
        <test-method status="PASS" signature="test1(java.lang.String, java.lang.String)[pri:0, instance:util.ExcelDataProvider@77ec78b9]" name="test1" duration-ms="3718" started-at="2021-01-21T17:16:13 IST" data-provider="test1data" finished-at="2021-01-21T17:16:17 IST">
          <params>
            <param index="0">
              <value>
                <![CDATA[Admin1]]>
              </value>
            </param>
            <param index="1">
              <value>
                <![CDATA[admin1234]]>
              </value>
            </param>
          </params>
          <reporter-output>
          </reporter-output>
        </test-method> <!-- test1 -->
        <test-method status="PASS" signature="test1(java.lang.String, java.lang.String)[pri:0, instance:util.ExcelDataProvider@77ec78b9]" name="test1" duration-ms="3211" started-at="2021-01-21T17:16:17 IST" data-provider="test1data" finished-at="2021-01-21T17:16:20 IST">
          <params>
            <param index="0">
              <value>
                <![CDATA[Admin12]]>
              </value>
            </param>
            <param index="1">
              <value>
                <![CDATA[admin12]]>
              </value>
            </param>
          </params>
          <reporter-output>
          </reporter-output>
        </test-method> <!-- test1 -->
        <test-method status="PASS" signature="teardownTest()[pri:0, instance:util.ExcelDataProvider@77ec78b9]" name="teardownTest" is-config="true" duration-ms="0" started-at="2021-01-21T17:16:20 IST" finished-at="2021-01-21T17:16:20 IST">
          <reporter-output>
          </reporter-output>
        </test-method> <!-- teardownTest -->
        <test-method status="PASS" signature="tearDown()[pri:0, instance:util.ExcelDataProvider@77ec78b9]" name="tearDown" is-config="true" duration-ms="602" started-at="2021-01-21T17:16:20 IST" finished-at="2021-01-21T17:16:21 IST">
          <reporter-output>
          </reporter-output>
        </test-method> <!-- tearDown -->
      </class> <!-- util.ExcelDataProvider -->
    </test> <!-- Default test -->
  </suite> <!-- Default suite -->
</testng-results>
