<?xml version="1.0" encoding="UTF-8"?>
<!-- Generated by org.testng.reporters.JUnitXMLReporter -->
<testsuite hostname="DESKTOP-3189U34" ignored="1" name="Test1" tests="2" failures="0" timestamp="2021-01-19T22:11:36 IST" time="56.6" errors="0">
  <testcase name="googleSearch" time="29.501" classname="datadriven.TestNgDemo"/>
  <testcase name="googleSearch3" time="30.609" classname="datadriven.TestNgDemo2"/>
  <testcase name="googleSearch2" time="0.0" classname="datadriven.TestNgDemo2">
    <ignored/>
  </testcase> <!-- googleSearch2 -->
</testsuite> <!-- Test1 -->
